<?xml version="1.0" encoding="UTF-8"?>
<!-- Generated by org.testng.reporters.JUnitReportReporter -->
<testsuite hostname="LAPTOP-O1VVPRH9" failures="0" tests="6" name="testPaytm.VerifyRechargeAndStockTabs" time="69.937" errors="0" timestamp="2022-05-30T14:36:35 IST" skipped="0">
  <testcase classname="testPaytm.VerifyRechargeAndStockTabs" name="verifyRechargeTab" time="12.075"/>
  <system-out/>
  <testcase classname="testPaytm.VerifyRechargeAndStockTabs" name="verifyRechargeTab" time="14.116"/>
  <system-out/>
  <testcase classname="testPaytm.VerifyRechargeAndStockTabs" name="verifyRechargeTab" time="10.699"/>
  <system-out/>
  <testcase classname="testPaytm.VerifyRechargeAndStockTabs" name="verifyRechargeTab" time="10.829"/>
  <system-out/>
  <testcase classname="testPaytm.VerifyRechargeAndStockTabs" name="verifyRechargeTab" time="11.098"/>
  <system-out/>
  <testcase classname="testPaytm.VerifyRechargeAndStockTabs" name="verifyRechargeTab" time="11.120"/>
  <system-out/>
</testsuite> <!-- testPaytm.VerifyRechargeAndStockTabs -->
